<?xml version="1.0" encoding="UTF-8"?>
<!-- Generated by org.testng.reporters.JUnitReportReporter -->
<testsuite hostname="DESKTOP-M85GF2G" failures="0" tests="1" name="TestCases.SubmitReviewTest" time="28.477" errors="0" timestamp="2019-12-31T12:10:15 IST" skipped="0">
  <testcase classname="TestCases.SubmitReviewTest" name="init" time="28.477"/>
</testsuite> <!-- TestCases.SubmitReviewTest -->
